{"C:\\Users\\ASUS\\Documents\\education-insight-api\\src\\app.js": {"path":"C:\\Users\\ASUS\\Documents\\education-insight-api\\src\\app.js","statementMap":{"0":{"start":{"line":1,"column":0},"end":{"line":1,"column":34}},"1":{"start":{"line":2,"column":14},"end":{"line":2,"column":32}},"2":{"start":{"line":5,"column":17},"end":{"line":5,"column":42}},"3":{"start":{"line":6,"column":16},"end":{"line":6,"column":53}},"4":{"start":{"line":8,"column":10},"end":{"line":8,"column":19}},"5":{"start":{"line":9,"column":0},"end":{"line":9,"column":23}},"6":{"start":{"line":13,"column":0},"end":{"line":13,"column":19}},"7":{"start":{"line":14,"column":0},"end":{"line":14,"column":18}},"8":{"start":{"line":16,"column":0},"end":{"line":16,"column":18}}},"fnMap":{},"branchMap":{},"s":{"0":2,"1":2,"2":2,"3":2,"4":2,"5":2,"6":2,"7":2,"8":2},"f":{},"b":{},"_coverageSchema":"1a1c01bbd47fc00a2c39e90264f33305004495a9","hash":"d7e715711b4c4b1f9de67ce092fc9f84a4945fd8"}
,"C:\\Users\\ASUS\\Documents\\education-insight-api\\src\\database\\dbConnection.js": {"path":"C:\\Users\\ASUS\\Documents\\education-insight-api\\src\\database\\dbConnection.js","statementMap":{"0":{"start":{"line":1,"column":15},"end":{"line":1,"column":34}},"1":{"start":{"line":2,"column":17},"end":{"line":2,"column":47}},"2":{"start":{"line":3,"column":18},"end":{"line":3,"column":55}},"3":{"start":{"line":4,"column":14},"end":{"line":4,"column":32}},"4":{"start":{"line":6,"column":0},"end":{"line":6,"column":33}},"5":{"start":{"line":8,"column":10},"end":{"line":8,"column":64}},"6":{"start":{"line":9,"column":0},"end":{"line":16,"column":2}},"7":{"start":{"line":21,"column":0},"end":{"line":21,"column":27}}},"fnMap":{},"branchMap":{},"s":{"0":2,"1":2,"2":2,"3":2,"4":2,"5":2,"6":2,"7":2},"f":{},"b":{},"_coverageSchema":"1a1c01bbd47fc00a2c39e90264f33305004495a9","hash":"8f8399c22669ec97ed09cdc6fe234dfa622f5522"}
,"C:\\Users\\ASUS\\Documents\\education-insight-api\\src\\middleware\\auth.js": {"path":"C:\\Users\\ASUS\\Documents\\education-insight-api\\src\\middleware\\auth.js","statementMap":{"0":{"start":{"line":1,"column":10},"end":{"line":1,"column":33}},"1":{"start":{"line":2,"column":11},"end":{"line":2,"column":37}},"2":{"start":{"line":4,"column":12},"end":{"line":29,"column":1}},"3":{"start":{"line":6,"column":4},"end":{"line":27,"column":5}},"4":{"start":{"line":8,"column":20},"end":{"line":8,"column":69}},"5":{"start":{"line":12,"column":23},"end":{"line":12,"column":60}},"6":{"start":{"line":15,"column":21},"end":{"line":15,"column":80}},"7":{"start":{"line":17,"column":9},"end":{"line":20,"column":10}},"8":{"start":{"line":19,"column":13},"end":{"line":19,"column":28}},"9":{"start":{"line":21,"column":9},"end":{"line":21,"column":22}},"10":{"start":{"line":22,"column":9},"end":{"line":22,"column":24}},"11":{"start":{"line":23,"column":9},"end":{"line":23,"column":15}},"12":{"start":{"line":26,"column":8},"end":{"line":26,"column":60}},"13":{"start":{"line":31,"column":0},"end":{"line":31,"column":19}}},"fnMap":{"0":{"name":"(anonymous_0)","decl":{"start":{"line":4,"column":12},"end":{"line":4,"column":13}},"loc":{"start":{"line":4,"column":33},"end":{"line":29,"column":1}},"line":4}},"branchMap":{"0":{"loc":{"start":{"line":17,"column":9},"end":{"line":20,"column":10}},"type":"if","locations":[{"start":{"line":17,"column":9},"end":{"line":20,"column":10}},{"start":{},"end":{}}],"line":17}},"s":{"0":2,"1":2,"2":2,"3":0,"4":0,"5":0,"6":0,"7":0,"8":0,"9":0,"10":0,"11":0,"12":0,"13":2},"f":{"0":0},"b":{"0":[0,0]},"_coverageSchema":"1a1c01bbd47fc00a2c39e90264f33305004495a9","hash":"2f2be7a26e86052a3084acfb9fbb49c61fc2353e"}
,"C:\\Users\\ASUS\\Documents\\education-insight-api\\src\\models\\education_record.js": {"path":"C:\\Users\\ASUS\\Documents\\education-insight-api\\src\\models\\education_record.js","statementMap":{"0":{"start":{"line":1,"column":15},"end":{"line":1,"column":34}},"1":{"start":{"line":3,"column":17},"end":{"line":41,"column":2}},"2":{"start":{"line":43,"column":0},"end":{"line":43,"column":24}}},"fnMap":{},"branchMap":{},"s":{"0":2,"1":2,"2":2},"f":{},"b":{},"_coverageSchema":"1a1c01bbd47fc00a2c39e90264f33305004495a9","hash":"f5285e76390d7ba4058f5d6d04be31fb59fad8bc"}
,"C:\\Users\\ASUS\\Documents\\education-insight-api\\src\\models\\stateInfo.js": {"path":"C:\\Users\\ASUS\\Documents\\education-insight-api\\src\\models\\stateInfo.js","statementMap":{"0":{"start":{"line":1,"column":15},"end":{"line":1,"column":34}},"1":{"start":{"line":3,"column":18},"end":{"line":17,"column":2}},"2":{"start":{"line":21,"column":0},"end":{"line":21,"column":25}}},"fnMap":{},"branchMap":{},"s":{"0":2,"1":2,"2":2},"f":{},"b":{},"_coverageSchema":"1a1c01bbd47fc00a2c39e90264f33305004495a9","hash":"956f327f4ff1b6e1390d3bf4b24d3d15970375d5"}
,"C:\\Users\\ASUS\\Documents\\education-insight-api\\src\\models\\users.js": {"path":"C:\\Users\\ASUS\\Documents\\education-insight-api\\src\\models\\users.js","statementMap":{"0":{"start":{"line":1,"column":15},"end":{"line":1,"column":34}},"1":{"start":{"line":2,"column":16},"end":{"line":2,"column":36}},"2":{"start":{"line":3,"column":24},"end":{"line":3,"column":53}},"3":{"start":{"line":4,"column":10},"end":{"line":4,"column":33}},"4":{"start":{"line":6,"column":20},"end":{"line":6,"column":43}},"5":{"start":{"line":8,"column":0},"end":{"line":11,"column":15}},"6":{"start":{"line":14,"column":19},"end":{"line":69,"column":2}},"7":{"start":{"line":27,"column":12},"end":{"line":30,"column":13}},"8":{"start":{"line":29,"column":16},"end":{"line":29,"column":48}},"9":{"start":{"line":31,"column":20},"end":{"line":31,"column":21}},"10":{"start":{"line":32,"column":12},"end":{"line":39,"column":13}},"11":{"start":{"line":32,"column":22},"end":{"line":32,"column":23}},"12":{"start":{"line":34,"column":14},"end":{"line":37,"column":15}},"13":{"start":{"line":36,"column":18},"end":{"line":36,"column":24}},"14":{"start":{"line":38,"column":14},"end":{"line":38,"column":19}},"15":{"start":{"line":40,"column":12},"end":{"line":43,"column":13}},"16":{"start":{"line":42,"column":14},"end":{"line":42,"column":46}},"17":{"start":{"line":52,"column":10},"end":{"line":55,"column":13}},"18":{"start":{"line":54,"column":16},"end":{"line":54,"column":51}},"19":{"start":{"line":71,"column":0},"end":{"line":80,"column":1}},"20":{"start":{"line":72,"column":2},"end":{"line":72,"column":21}},"21":{"start":{"line":73,"column":13},"end":{"line":73,"column":17}},"22":{"start":{"line":74,"column":14},"end":{"line":74,"column":69}},"23":{"start":{"line":75,"column":2},"end":{"line":75,"column":41}},"24":{"start":{"line":76,"column":2},"end":{"line":76,"column":19}},"25":{"start":{"line":77,"column":2},"end":{"line":77,"column":20}},"26":{"start":{"line":78,"column":2},"end":{"line":78,"column":14}},"27":{"start":{"line":82,"column":0},"end":{"line":97,"column":1}},"28":{"start":{"line":83,"column":15},"end":{"line":83,"column":44}},"29":{"start":{"line":85,"column":2},"end":{"line":87,"column":3}},"30":{"start":{"line":86,"column":6},"end":{"line":86,"column":40}},"31":{"start":{"line":89,"column":19},"end":{"line":89,"column":56}},"32":{"start":{"line":91,"column":2},"end":{"line":94,"column":3}},"33":{"start":{"line":93,"column":6},"end":{"line":93,"column":40}},"34":{"start":{"line":96,"column":2},"end":{"line":96,"column":13}},"35":{"start":{"line":99,"column":12},"end":{"line":99,"column":46}},"36":{"start":{"line":101,"column":0},"end":{"line":101,"column":19}}},"fnMap":{"0":{"name":"(anonymous_0)","decl":{"start":{"line":26,"column":8},"end":{"line":26,"column":9}},"loc":{"start":{"line":26,"column":23},"end":{"line":44,"column":7}},"line":26},"1":{"name":"(anonymous_1)","decl":{"start":{"line":51,"column":8},"end":{"line":51,"column":9}},"loc":{"start":{"line":51,"column":23},"end":{"line":57,"column":7}},"line":51},"2":{"name":"(anonymous_2)","decl":{"start":{"line":71,"column":38},"end":{"line":71,"column":39}},"loc":{"start":{"line":71,"column":54},"end":{"line":80,"column":1}},"line":71},"3":{"name":"(anonymous_3)","decl":{"start":{"line":82,"column":39},"end":{"line":82,"column":40}},"loc":{"start":{"line":82,"column":66},"end":{"line":97,"column":1}},"line":82}},"branchMap":{"0":{"loc":{"start":{"line":27,"column":12},"end":{"line":30,"column":13}},"type":"if","locations":[{"start":{"line":27,"column":12},"end":{"line":30,"column":13}},{"start":{},"end":{}}],"line":27},"1":{"loc":{"start":{"line":34,"column":14},"end":{"line":37,"column":15}},"type":"if","locations":[{"start":{"line":34,"column":14},"end":{"line":37,"column":15}},{"start":{},"end":{}}],"line":34},"2":{"loc":{"start":{"line":40,"column":12},"end":{"line":43,"column":13}},"type":"if","locations":[{"start":{"line":40,"column":12},"end":{"line":43,"column":13}},{"start":{},"end":{}}],"line":40},"3":{"loc":{"start":{"line":40,"column":15},"end":{"line":40,"column":31}},"type":"binary-expr","locations":[{"start":{"line":40,"column":15},"end":{"line":40,"column":20}},{"start":{"line":40,"column":24},"end":{"line":40,"column":31}}],"line":40},"4":{"loc":{"start":{"line":52,"column":10},"end":{"line":55,"column":13}},"type":"if","locations":[{"start":{"line":52,"column":10},"end":{"line":55,"column":13}},{"start":{},"end":{}}],"line":52},"5":{"loc":{"start":{"line":85,"column":2},"end":{"line":87,"column":3}},"type":"if","locations":[{"start":{"line":85,"column":2},"end":{"line":87,"column":3}},{"start":{},"end":{}}],"line":85},"6":{"loc":{"start":{"line":91,"column":2},"end":{"line":94,"column":3}},"type":"if","locations":[{"start":{"line":91,"column":2},"end":{"line":94,"column":3}},{"start":{},"end":{}}],"line":91},"7":{"loc":{"start":{"line":91,"column":6},"end":{"line":91,"column":33}},"type":"binary-expr","locations":[{"start":{"line":91,"column":6},"end":{"line":91,"column":18}},{"start":{"line":91,"column":22},"end":{"line":91,"column":33}}],"line":91}},"s":{"0":2,"1":2,"2":2,"3":2,"4":2,"5":2,"6":2,"7":5,"8":0,"9":5,"10":5,"11":5,"12":70,"13":5,"14":65,"15":5,"16":0,"17":5,"18":0,"19":2,"20":1,"21":1,"22":1,"23":1,"24":1,"25":1,"26":1,"27":2,"28":2,"29":2,"30":0,"31":2,"32":2,"33":1,"34":1,"35":2,"36":2},"f":{"0":5,"1":5,"2":1,"3":2},"b":{"0":[0,5],"1":[5,65],"2":[0,5],"3":[5,5],"4":[0,5],"5":[0,2],"6":[1,1],"7":[2,1]},"_coverageSchema":"1a1c01bbd47fc00a2c39e90264f33305004495a9","hash":"df35f3dbd96498431135d1ff1fc1e825d48f2d49"}
,"C:\\Users\\ASUS\\Documents\\education-insight-api\\src\\routers\\education_record.js": {"path":"C:\\Users\\ASUS\\Documents\\education-insight-api\\src\\routers\\education_record.js","statementMap":{"0":{"start":{"line":1,"column":14},"end":{"line":1,"column":32}},"1":{"start":{"line":2,"column":18},"end":{"line":2,"column":55}},"2":{"start":{"line":3,"column":14},"end":{"line":3,"column":34}},"3":{"start":{"line":4,"column":11},"end":{"line":4,"column":40}},"4":{"start":{"line":5,"column":13},"end":{"line":5,"column":30}},"5":{"start":{"line":6,"column":17},"end":{"line":6,"column":47}},"6":{"start":{"line":9,"column":13},"end":{"line":24,"column":3}},"7":{"start":{"line":16,"column":12},"end":{"line":19,"column":13}},"8":{"start":{"line":18,"column":13},"end":{"line":18,"column":55}},"9":{"start":{"line":21,"column":12},"end":{"line":21,"column":30}},"10":{"start":{"line":27,"column":0},"end":{"line":60,"column":2}},"11":{"start":{"line":29,"column":17},"end":{"line":29,"column":57}},"12":{"start":{"line":30,"column":4},"end":{"line":30,"column":37}},"13":{"start":{"line":32,"column":4},"end":{"line":59,"column":5}},"14":{"start":{"line":35,"column":10},"end":{"line":35,"column":29}},"15":{"start":{"line":37,"column":11},"end":{"line":40,"column":12}},"16":{"start":{"line":42,"column":10},"end":{"line":42,"column":47}},"17":{"start":{"line":47,"column":19},"end":{"line":47,"column":36}},"18":{"start":{"line":48,"column":11},"end":{"line":51,"column":14}},"19":{"start":{"line":50,"column":16},"end":{"line":50,"column":41}},"20":{"start":{"line":52,"column":31},"end":{"line":56,"column":14}},"21":{"start":{"line":57,"column":8},"end":{"line":57,"column":43}},"22":{"start":{"line":62,"column":0},"end":{"line":92,"column":3}},"23":{"start":{"line":63,"column":17},"end":{"line":63,"column":30}},"24":{"start":{"line":64,"column":5},"end":{"line":91,"column":6}},"25":{"start":{"line":65,"column":23},"end":{"line":65,"column":64}},"26":{"start":{"line":67,"column":11},"end":{"line":75,"column":12}},"27":{"start":{"line":69,"column":31},"end":{"line":73,"column":13}},"28":{"start":{"line":74,"column":15},"end":{"line":74,"column":56}},"29":{"start":{"line":76,"column":33},"end":{"line":80,"column":12}},"30":{"start":{"line":81,"column":9},"end":{"line":81,"column":34}},"31":{"start":{"line":85,"column":27},"end":{"line":89,"column":9}},"32":{"start":{"line":90,"column":9},"end":{"line":90,"column":43}},"33":{"start":{"line":95,"column":1},"end":{"line":114,"column":3}},"34":{"start":{"line":97,"column":18},"end":{"line":97,"column":31}},"35":{"start":{"line":100,"column":4},"end":{"line":113,"column":6}},"36":{"start":{"line":103,"column":23},"end":{"line":103,"column":55}},"37":{"start":{"line":104,"column":15},"end":{"line":107,"column":12}},"38":{"start":{"line":106,"column":15},"end":{"line":106,"column":60}},"39":{"start":{"line":108,"column":9},"end":{"line":108,"column":25}},"40":{"start":{"line":112,"column":9},"end":{"line":112,"column":32}},"41":{"start":{"line":119,"column":1},"end":{"line":157,"column":2}},"42":{"start":{"line":121,"column":18},"end":{"line":121,"column":39}},"43":{"start":{"line":123,"column":23},"end":{"line":123,"column":111}},"44":{"start":{"line":125,"column":28},"end":{"line":127,"column":6}},"45":{"start":{"line":126,"column":10},"end":{"line":126,"column":46}},"46":{"start":{"line":129,"column":4},"end":{"line":135,"column":5}},"47":{"start":{"line":132,"column":10},"end":{"line":134,"column":12}},"48":{"start":{"line":137,"column":4},"end":{"line":156,"column":1}},"49":{"start":{"line":139,"column":21},"end":{"line":139,"column":60}},"50":{"start":{"line":142,"column":8},"end":{"line":145,"column":10}},"51":{"start":{"line":144,"column":12},"end":{"line":144,"column":43}},"52":{"start":{"line":147,"column":8},"end":{"line":147,"column":27}},"53":{"start":{"line":150,"column":8},"end":{"line":150,"column":24}},"54":{"start":{"line":154,"column":4},"end":{"line":154,"column":29}},"55":{"start":{"line":155,"column":5},"end":{"line":155,"column":28}},"56":{"start":{"line":158,"column":1},"end":{"line":176,"column":3}},"57":{"start":{"line":159,"column":2},"end":{"line":159,"column":24}},"58":{"start":{"line":161,"column":5},"end":{"line":175,"column":6}},"59":{"start":{"line":162,"column":9},"end":{"line":162,"column":28}},"60":{"start":{"line":164,"column":23},"end":{"line":164,"column":47}},"61":{"start":{"line":166,"column":11},"end":{"line":169,"column":12}},"62":{"start":{"line":168,"column":15},"end":{"line":168,"column":61}},"63":{"start":{"line":170,"column":9},"end":{"line":170,"column":25}},"64":{"start":{"line":174,"column":9},"end":{"line":174,"column":32}},"65":{"start":{"line":178,"column":1},"end":{"line":229,"column":2}},"66":{"start":{"line":180,"column":19},"end":{"line":180,"column":34}},"67":{"start":{"line":183,"column":3},"end":{"line":228,"column":5}},"68":{"start":{"line":186,"column":4},"end":{"line":213,"column":11}},"69":{"start":{"line":209,"column":10},"end":{"line":209,"column":27}},"70":{"start":{"line":212,"column":10},"end":{"line":212,"column":29}},"71":{"start":{"line":227,"column":8},"end":{"line":227,"column":31}},"72":{"start":{"line":231,"column":0},"end":{"line":249,"column":2}},"73":{"start":{"line":233,"column":4},"end":{"line":247,"column":5}},"74":{"start":{"line":234,"column":18},"end":{"line":234,"column":57}},"75":{"start":{"line":236,"column":8},"end":{"line":239,"column":9}},"76":{"start":{"line":238,"column":12},"end":{"line":238,"column":29}},"77":{"start":{"line":241,"column":8},"end":{"line":241,"column":49}},"78":{"start":{"line":242,"column":8},"end":{"line":242,"column":30}},"79":{"start":{"line":246,"column":8},"end":{"line":246,"column":30}},"80":{"start":{"line":252,"column":0},"end":{"line":252,"column":21}}},"fnMap":{"0":{"name":"(anonymous_0)","decl":{"start":{"line":14,"column":5},"end":{"line":14,"column":6}},"loc":{"start":{"line":14,"column":28},"end":{"line":23,"column":8}},"line":14},"1":{"name":"(anonymous_1)","decl":{"start":{"line":27,"column":59},"end":{"line":27,"column":60}},"loc":{"start":{"line":27,"column":76},"end":{"line":60,"column":1}},"line":27},"2":{"name":"(anonymous_2)","decl":{"start":{"line":62,"column":38},"end":{"line":62,"column":39}},"loc":{"start":{"line":62,"column":54},"end":{"line":92,"column":2}},"line":62},"3":{"name":"(anonymous_3)","decl":{"start":{"line":95,"column":36},"end":{"line":95,"column":37}},"loc":{"start":{"line":95,"column":52},"end":{"line":114,"column":2}},"line":95},"4":{"name":"(anonymous_4)","decl":{"start":{"line":119,"column":36},"end":{"line":119,"column":37}},"loc":{"start":{"line":119,"column":52},"end":{"line":157,"column":1}},"line":119},"5":{"name":"(anonymous_5)","decl":{"start":{"line":125,"column":42},"end":{"line":125,"column":43}},"loc":{"start":{"line":125,"column":52},"end":{"line":127,"column":5}},"line":125},"6":{"name":"(anonymous_6)","decl":{"start":{"line":142,"column":24},"end":{"line":142,"column":25}},"loc":{"start":{"line":142,"column":34},"end":{"line":145,"column":9}},"line":142},"7":{"name":"(anonymous_7)","decl":{"start":{"line":158,"column":37},"end":{"line":158,"column":38}},"loc":{"start":{"line":158,"column":53},"end":{"line":176,"column":2}},"line":158},"8":{"name":"(anonymous_8)","decl":{"start":{"line":178,"column":45},"end":{"line":178,"column":46}},"loc":{"start":{"line":178,"column":61},"end":{"line":229,"column":1}},"line":178},"9":{"name":"(anonymous_9)","decl":{"start":{"line":208,"column":14},"end":{"line":208,"column":15}},"loc":{"start":{"line":208,"column":26},"end":{"line":210,"column":9}},"line":208},"10":{"name":"(anonymous_10)","decl":{"start":{"line":211,"column":15},"end":{"line":211,"column":16}},"loc":{"start":{"line":211,"column":26},"end":{"line":213,"column":9}},"line":211},"11":{"name":"(anonymous_11)","decl":{"start":{"line":231,"column":40},"end":{"line":231,"column":41}},"loc":{"start":{"line":231,"column":57},"end":{"line":249,"column":1}},"line":231}},"branchMap":{"0":{"loc":{"start":{"line":16,"column":12},"end":{"line":19,"column":13}},"type":"if","locations":[{"start":{"line":16,"column":12},"end":{"line":19,"column":13}},{"start":{},"end":{}}],"line":16},"1":{"loc":{"start":{"line":48,"column":11},"end":{"line":51,"column":14}},"type":"if","locations":[{"start":{"line":48,"column":11},"end":{"line":51,"column":14}},{"start":{},"end":{}}],"line":48},"2":{"loc":{"start":{"line":67,"column":11},"end":{"line":75,"column":12}},"type":"if","locations":[{"start":{"line":67,"column":11},"end":{"line":75,"column":12}},{"start":{},"end":{}}],"line":67},"3":{"loc":{"start":{"line":104,"column":15},"end":{"line":107,"column":12}},"type":"if","locations":[{"start":{"line":104,"column":15},"end":{"line":107,"column":12}},{"start":{},"end":{}}],"line":104},"4":{"loc":{"start":{"line":129,"column":4},"end":{"line":135,"column":5}},"type":"if","locations":[{"start":{"line":129,"column":4},"end":{"line":135,"column":5}},{"start":{},"end":{}}],"line":129},"5":{"loc":{"start":{"line":166,"column":11},"end":{"line":169,"column":12}},"type":"if","locations":[{"start":{"line":166,"column":11},"end":{"line":169,"column":12}},{"start":{},"end":{}}],"line":166},"6":{"loc":{"start":{"line":236,"column":8},"end":{"line":239,"column":9}},"type":"if","locations":[{"start":{"line":236,"column":8},"end":{"line":239,"column":9}},{"start":{},"end":{}}],"line":236},"7":{"loc":{"start":{"line":236,"column":11},"end":{"line":236,"column":32}},"type":"binary-expr","locations":[{"start":{"line":236,"column":11},"end":{"line":236,"column":15}},{"start":{"line":236,"column":19},"end":{"line":236,"column":32}}],"line":236}},"s":{"0":2,"1":2,"2":2,"3":2,"4":2,"5":2,"6":2,"7":0,"8":0,"9":0,"10":2,"11":0,"12":0,"13":0,"14":0,"15":0,"16":0,"17":0,"18":0,"19":0,"20":0,"21":0,"22":2,"23":0,"24":0,"25":0,"26":0,"27":0,"28":0,"29":0,"30":0,"31":0,"32":0,"33":2,"34":0,"35":0,"36":0,"37":0,"38":0,"39":0,"40":0,"41":2,"42":0,"43":0,"44":0,"45":0,"46":0,"47":0,"48":0,"49":0,"50":0,"51":0,"52":0,"53":0,"54":0,"55":0,"56":2,"57":0,"58":0,"59":0,"60":0,"61":0,"62":0,"63":0,"64":0,"65":2,"66":0,"67":0,"68":0,"69":0,"70":0,"71":0,"72":2,"73":0,"74":0,"75":0,"76":0,"77":0,"78":0,"79":0,"80":2},"f":{"0":0,"1":0,"2":0,"3":0,"4":0,"5":0,"6":0,"7":0,"8":0,"9":0,"10":0,"11":0},"b":{"0":[0,0],"1":[0,0],"2":[0,0],"3":[0,0],"4":[0,0],"5":[0,0],"6":[0,0],"7":[0,0]},"_coverageSchema":"1a1c01bbd47fc00a2c39e90264f33305004495a9","hash":"1ba280dcf033d587832eb5ce151f1e9b51646cd0"}
,"C:\\Users\\ASUS\\Documents\\education-insight-api\\src\\routers\\user.js": {"path":"C:\\Users\\ASUS\\Documents\\education-insight-api\\src\\routers\\user.js","statementMap":{"0":{"start":{"line":1,"column":14},"end":{"line":1,"column":32}},"1":{"start":{"line":2,"column":11},"end":{"line":2,"column":37}},"2":{"start":{"line":3,"column":14},"end":{"line":3,"column":34}},"3":{"start":{"line":4,"column":11},"end":{"line":4,"column":40}},"4":{"start":{"line":6,"column":0},"end":{"line":50,"column":2}},"5":{"start":{"line":8,"column":15},"end":{"line":8,"column":33}},"6":{"start":{"line":10,"column":4},"end":{"line":49,"column":5}},"7":{"start":{"line":12,"column":9},"end":{"line":12,"column":26}},"8":{"start":{"line":14,"column":31},"end":{"line":22,"column":10}},"9":{"start":{"line":24,"column":9},"end":{"line":24,"column":46}},"10":{"start":{"line":31,"column":8},"end":{"line":42,"column":9}},"11":{"start":{"line":33,"column":12},"end":{"line":33,"column":37}},"12":{"start":{"line":35,"column":13},"end":{"line":42,"column":9}},"13":{"start":{"line":37,"column":10},"end":{"line":37,"column":32}},"14":{"start":{"line":39,"column":13},"end":{"line":42,"column":9}},"15":{"start":{"line":41,"column":12},"end":{"line":41,"column":31}},"16":{"start":{"line":43,"column":28},"end":{"line":47,"column":9}},"17":{"start":{"line":48,"column":8},"end":{"line":48,"column":43}},"18":{"start":{"line":53,"column":0},"end":{"line":68,"column":2}},"19":{"start":{"line":54,"column":17},"end":{"line":54,"column":30}},"20":{"start":{"line":55,"column":4},"end":{"line":67,"column":5}},"21":{"start":{"line":56,"column":20},"end":{"line":56,"column":57}},"22":{"start":{"line":57,"column":9},"end":{"line":57,"column":26}},"23":{"start":{"line":58,"column":10},"end":{"line":61,"column":11}},"24":{"start":{"line":60,"column":14},"end":{"line":60,"column":59}},"25":{"start":{"line":62,"column":8},"end":{"line":62,"column":27}},"26":{"start":{"line":66,"column":8},"end":{"line":66,"column":31}},"27":{"start":{"line":70,"column":0},"end":{"line":83,"column":2}},"28":{"start":{"line":71,"column":4},"end":{"line":82,"column":5}},"29":{"start":{"line":75,"column":21},"end":{"line":75,"column":84}},"30":{"start":{"line":77,"column":20},"end":{"line":77,"column":50}},"31":{"start":{"line":78,"column":8},"end":{"line":78,"column":30}},"32":{"start":{"line":80,"column":8},"end":{"line":80,"column":22}},"33":{"start":{"line":81,"column":8},"end":{"line":81,"column":31}},"34":{"start":{"line":86,"column":0},"end":{"line":86,"column":21}}},"fnMap":{"0":{"name":"(anonymous_0)","decl":{"start":{"line":6,"column":22},"end":{"line":6,"column":23}},"loc":{"start":{"line":6,"column":39},"end":{"line":50,"column":1}},"line":6},"1":{"name":"(anonymous_1)","decl":{"start":{"line":53,"column":27},"end":{"line":53,"column":28}},"loc":{"start":{"line":53,"column":43},"end":{"line":68,"column":1}},"line":53},"2":{"name":"(anonymous_2)","decl":{"start":{"line":70,"column":23},"end":{"line":70,"column":24}},"loc":{"start":{"line":70,"column":43},"end":{"line":83,"column":1}},"line":70}},"branchMap":{"0":{"loc":{"start":{"line":31,"column":8},"end":{"line":42,"column":9}},"type":"if","locations":[{"start":{"line":31,"column":8},"end":{"line":42,"column":9}},{"start":{"line":35,"column":13},"end":{"line":42,"column":9}}],"line":31},"1":{"loc":{"start":{"line":35,"column":13},"end":{"line":42,"column":9}},"type":"if","locations":[{"start":{"line":35,"column":13},"end":{"line":42,"column":9}},{"start":{"line":39,"column":13},"end":{"line":42,"column":9}}],"line":35},"2":{"loc":{"start":{"line":35,"column":16},"end":{"line":35,"column":53}},"type":"binary-expr","locations":[{"start":{"line":35,"column":16},"end":{"line":35,"column":28}},{"start":{"line":35,"column":32},"end":{"line":35,"column":53}}],"line":35},"3":{"loc":{"start":{"line":39,"column":13},"end":{"line":42,"column":9}},"type":"if","locations":[{"start":{"line":39,"column":13},"end":{"line":42,"column":9}},{"start":{},"end":{}}],"line":39},"4":{"loc":{"start":{"line":39,"column":16},"end":{"line":39,"column":50}},"type":"binary-expr","locations":[{"start":{"line":39,"column":16},"end":{"line":39,"column":28}},{"start":{"line":39,"column":32},"end":{"line":39,"column":50}}],"line":39},"5":{"loc":{"start":{"line":58,"column":10},"end":{"line":61,"column":11}},"type":"if","locations":[{"start":{"line":58,"column":10},"end":{"line":61,"column":11}},{"start":{},"end":{}}],"line":58}},"s":{"0":2,"1":2,"2":2,"3":2,"4":2,"5":0,"6":0,"7":0,"8":0,"9":0,"10":0,"11":0,"12":0,"13":0,"14":0,"15":0,"16":0,"17":0,"18":2,"19":0,"20":0,"21":0,"22":0,"23":0,"24":0,"25":0,"26":0,"27":2,"28":2,"29":2,"30":1,"31":1,"32":1,"33":1,"34":2},"f":{"0":0,"1":0,"2":2},"b":{"0":[0,0],"1":[0,0],"2":[0,0],"3":[0,0],"4":[0,0],"5":[0,0]},"_coverageSchema":"1a1c01bbd47fc00a2c39e90264f33305004495a9","hash":"bbd3a07cc69db3987a2883668b2b9c8c38f8b845"}
,"C:\\Users\\ASUS\\Documents\\education-insight-api\\test\\fixtures\\db.js": {"path":"C:\\Users\\ASUS\\Documents\\education-insight-api\\test\\fixtures\\db.js","statementMap":{"0":{"start":{"line":1,"column":10},"end":{"line":1,"column":33}},"1":{"start":{"line":2,"column":15},"end":{"line":2,"column":34}},"2":{"start":{"line":3,"column":13},"end":{"line":3,"column":46}},"3":{"start":{"line":4,"column":13},"end":{"line":4,"column":57}},"4":{"start":{"line":6,"column":16},"end":{"line":6,"column":45}},"5":{"start":{"line":7,"column":18},"end":{"line":7,"column":47}},"6":{"start":{"line":9,"column":14},"end":{"line":17,"column":1}},"7":{"start":{"line":19,"column":16},"end":{"line":28,"column":1}},"8":{"start":{"line":30,"column":15},"end":{"line":35,"column":1}},"9":{"start":{"line":31,"column":4},"end":{"line":31,"column":27}},"10":{"start":{"line":32,"column":4},"end":{"line":32,"column":29}},"11":{"start":{"line":33,"column":4},"end":{"line":33,"column":34}},"12":{"start":{"line":34,"column":4},"end":{"line":34,"column":38}},"13":{"start":{"line":37,"column":0},"end":{"line":41,"column":1}}},"fnMap":{"0":{"name":"(anonymous_0)","decl":{"start":{"line":30,"column":15},"end":{"line":30,"column":16}},"loc":{"start":{"line":30,"column":24},"end":{"line":35,"column":1}},"line":30}},"branchMap":{},"s":{"0":2,"1":2,"2":2,"3":2,"4":2,"5":2,"6":2,"7":2,"8":2,"9":4,"10":4,"11":4,"12":3,"13":2},"f":{"0":4},"b":{},"_coverageSchema":"1a1c01bbd47fc00a2c39e90264f33305004495a9","hash":"fcd0f353f3bc83243d841aada01112951c8a4a07"}
}
