TN:
SF:src\app.js
FNF:0
FNH:0
DA:1,2
DA:2,2
DA:5,2
DA:6,2
DA:8,2
DA:9,2
DA:13,2
DA:14,2
DA:16,2
LF:9
LH:9
BRF:0
BRH:0
end_of_record
TN:
SF:src\database\dbConnection.js
FNF:0
FNH:0
DA:1,2
DA:2,2
DA:3,2
DA:4,2
DA:6,2
DA:8,2
DA:9,2
DA:21,2
LF:8
LH:8
BRF:0
BRH:0
end_of_record
TN:
SF:src\middleware\auth.js
FN:4,(anonymous_0)
FNF:1
FNH:0
FNDA:0,(anonymous_0)
DA:1,2
DA:2,2
DA:4,2
DA:6,0
DA:8,0
DA:12,0
DA:15,0
DA:17,0
DA:19,0
DA:21,0
DA:22,0
DA:23,0
DA:26,0
DA:31,2
LF:14
LH:4
BRDA:17,0,0,0
BRDA:17,0,1,0
BRF:2
BRH:0
end_of_record
TN:
SF:src\models\education_record.js
FNF:0
FNH:0
DA:1,2
DA:3,2
DA:43,2
LF:3
LH:3
BRF:0
BRH:0
end_of_record
TN:
SF:src\models\stateInfo.js
FNF:0
FNH:0
DA:1,2
DA:3,2
DA:21,2
LF:3
LH:3
BRF:0
BRH:0
end_of_record
TN:
SF:src\models\users.js
FN:26,(anonymous_0)
FN:51,(anonymous_1)
FN:71,(anonymous_2)
FN:82,(anonymous_3)
FNF:4
FNH:4
FNDA:5,(anonymous_0)
FNDA:5,(anonymous_1)
FNDA:1,(anonymous_2)
FNDA:2,(anonymous_3)
DA:1,2
DA:2,2
DA:3,2
DA:4,2
DA:6,2
DA:8,2
DA:14,2
DA:27,5
DA:29,0
DA:31,5
DA:32,5
DA:34,70
DA:36,5
DA:38,65
DA:40,5
DA:42,0
DA:52,5
DA:54,0
DA:71,2
DA:72,1
DA:73,1
DA:74,1
DA:75,1
DA:76,1
DA:77,1
DA:78,1
DA:82,2
DA:83,2
DA:85,2
DA:86,0
DA:89,2
DA:91,2
DA:93,1
DA:96,1
DA:99,2
DA:101,2
LF:36
LH:32
BRDA:27,0,0,0
BRDA:27,0,1,5
BRDA:34,1,0,5
BRDA:34,1,1,65
BRDA:40,2,0,0
BRDA:40,2,1,5
BRDA:40,3,0,5
BRDA:40,3,1,5
BRDA:52,4,0,0
BRDA:52,4,1,5
BRDA:85,5,0,0
BRDA:85,5,1,2
BRDA:91,6,0,1
BRDA:91,6,1,1
BRDA:91,7,0,2
BRDA:91,7,1,1
BRF:16
BRH:12
end_of_record
TN:
SF:src\routers\education_record.js
FN:14,(anonymous_0)
FN:27,(anonymous_1)
FN:62,(anonymous_2)
FN:95,(anonymous_3)
FN:119,(anonymous_4)
FN:125,(anonymous_5)
FN:142,(anonymous_6)
FN:158,(anonymous_7)
FN:178,(anonymous_8)
FN:208,(anonymous_9)
FN:211,(anonymous_10)
FN:231,(anonymous_11)
FNF:12
FNH:0
FNDA:0,(anonymous_0)
FNDA:0,(anonymous_1)
FNDA:0,(anonymous_2)
FNDA:0,(anonymous_3)
FNDA:0,(anonymous_4)
FNDA:0,(anonymous_5)
FNDA:0,(anonymous_6)
FNDA:0,(anonymous_7)
FNDA:0,(anonymous_8)
FNDA:0,(anonymous_9)
FNDA:0,(anonymous_10)
FNDA:0,(anonymous_11)
DA:1,2
DA:2,2
DA:3,2
DA:4,2
DA:5,2
DA:6,2
DA:9,2
DA:16,0
DA:18,0
DA:21,0
DA:27,2
DA:29,0
DA:30,0
DA:32,0
DA:35,0
DA:37,0
DA:42,0
DA:47,0
DA:48,0
DA:50,0
DA:52,0
DA:57,0
DA:62,2
DA:63,0
DA:64,0
DA:65,0
DA:67,0
DA:69,0
DA:74,0
DA:76,0
DA:81,0
DA:85,0
DA:90,0
DA:95,2
DA:97,0
DA:100,0
DA:103,0
DA:104,0
DA:106,0
DA:108,0
DA:112,0
DA:119,2
DA:121,0
DA:123,0
DA:125,0
DA:126,0
DA:129,0
DA:132,0
DA:137,0
DA:139,0
DA:142,0
DA:144,0
DA:147,0
DA:150,0
DA:154,0
DA:155,0
DA:158,2
DA:159,0
DA:161,0
DA:162,0
DA:164,0
DA:166,0
DA:168,0
DA:170,0
DA:174,0
DA:178,2
DA:180,0
DA:183,0
DA:186,0
DA:209,0
DA:212,0
DA:227,0
DA:231,2
DA:233,0
DA:234,0
DA:236,0
DA:238,0
DA:241,0
DA:242,0
DA:246,0
DA:252,2
LF:81
LH:15
BRDA:16,0,0,0
BRDA:16,0,1,0
BRDA:48,1,0,0
BRDA:48,1,1,0
BRDA:67,2,0,0
BRDA:67,2,1,0
BRDA:104,3,0,0
BRDA:104,3,1,0
BRDA:129,4,0,0
BRDA:129,4,1,0
BRDA:166,5,0,0
BRDA:166,5,1,0
BRDA:236,6,0,0
BRDA:236,6,1,0
BRDA:236,7,0,0
BRDA:236,7,1,0
BRF:16
BRH:0
end_of_record
TN:
SF:src\routers\user.js
FN:6,(anonymous_0)
FN:53,(anonymous_1)
FN:70,(anonymous_2)
FNF:3
FNH:1
FNDA:0,(anonymous_0)
FNDA:0,(anonymous_1)
FNDA:2,(anonymous_2)
DA:1,2
DA:2,2
DA:3,2
DA:4,2
DA:6,2
DA:8,0
DA:10,0
DA:12,0
DA:14,0
DA:24,0
DA:31,0
DA:33,0
DA:35,0
DA:37,0
DA:39,0
DA:41,0
DA:43,0
DA:48,0
DA:53,2
DA:54,0
DA:55,0
DA:56,0
DA:57,0
DA:58,0
DA:60,0
DA:62,0
DA:66,0
DA:70,2
DA:71,2
DA:75,2
DA:77,1
DA:78,1
DA:80,1
DA:81,1
DA:86,2
LF:35
LH:14
BRDA:31,0,0,0
BRDA:31,0,1,0
BRDA:35,1,0,0
BRDA:35,1,1,0
BRDA:35,2,0,0
BRDA:35,2,1,0
BRDA:39,3,0,0
BRDA:39,3,1,0
BRDA:39,4,0,0
BRDA:39,4,1,0
BRDA:58,5,0,0
BRDA:58,5,1,0
BRF:12
BRH:0
end_of_record
TN:
SF:test\fixtures\db.js
FN:30,(anonymous_0)
FNF:1
FNH:1
FNDA:4,(anonymous_0)
DA:1,2
DA:2,2
DA:3,2
DA:4,2
DA:6,2
DA:7,2
DA:9,2
DA:19,2
DA:30,2
DA:31,4
DA:32,4
DA:33,4
DA:34,3
DA:37,2
LF:14
LH:14
BRF:0
BRH:0
end_of_record
